
*** Running vivado
    with args -log lcd_2_2.vds -m64 -product Vivado -mode batch -messageDb vivado.pb -notrace -source lcd_2_2.tcl



****** Vivado v2022.2 (64-bit)
  **** SW Build 3671981 on Fri Oct 14 05:00:03 MDT 2022
  **** IP Build 3669848 on Fri Oct 14 08:30:02 MDT 2022
    ** Copyright 1986-2022 Xilinx, Inc. All Rights Reserved.

source lcd_2_2.tcl -notrace
create_project: Time (s): cpu = 00:00:05 ; elapsed = 00:00:06 . Memory (MB): peak = 374.074 ; gain = 66.324
Command: read_checkpoint -auto_incremental -incremental C:/Users/user/Desktop/github/ece/lcd_2_2/lcd_2_2.srcs/utils_1/imports/synth_1/lcd_2_2.dcp
INFO: [Vivado 12-5825] Read reference checkpoint from C:/Users/user/Desktop/github/ece/lcd_2_2/lcd_2_2.srcs/utils_1/imports/synth_1/lcd_2_2.dcp for incremental synthesis
INFO: [Vivado 12-7989] Please ensure there are no constraint changes
Command: synth_design -top lcd_2_2 -part xc7s75fgga484-1
Starting synth_design
Attempting to get a license for feature 'Synthesis' and/or device 'xc7s75'
INFO: [Common 17-349] Got license for feature 'Synthesis' and/or device 'xc7s75'
INFO: [Device 21-403] Loading part xc7s75fgga484-1
INFO: [Designutils 20-5440] No compile time benefit to using incremental synthesis; A full resynthesis will be run
INFO: [Designutils 20-4379] Flow is switching to default flow due to incremental criteria not met. If you would like to alter this behaviour and have the flow terminate instead, please set the following parameter config_implementation {autoIncr.Synth.RejectBehavior Terminate}
INFO: [Synth 8-7079] Multithreading enabled for synth_design using a maximum of 2 processes.
INFO: [Synth 8-7078] Launching helper process for spawning children vivado processes
INFO: [Synth 8-7075] Helper process launched with PID 8704
INFO: [Synth 8-11241] undeclared symbol 'REGCCE', assumed default net type 'wire' [C:/Xilinx/Vivado/2022.2/data/verilog/src/unimacro/BRAM_SINGLE_MACRO.v:2170]
---------------------------------------------------------------------------------
Starting RTL Elaboration : Time (s): cpu = 00:00:07 ; elapsed = 00:00:08 . Memory (MB): peak = 1188.516 ; gain = 409.359
---------------------------------------------------------------------------------
INFO: [Synth 8-6157] synthesizing module 'lcd_2_2' [C:/Users/user/Desktop/github/ece/lcd_2_2/lcd_2_2.srcs/sources_1/new/lcd_2_2.v:1]
INFO: [Synth 8-6157] synthesizing module 'oneshot_universal' [C:/Users/user/Desktop/github/ece/lcd_2_2/lcd_2_2.srcs/sources_1/imports/new/oneshot_universal.v:1]
	Parameter WIDTH bound to: 12 - type: integer 
INFO: [Synth 8-6155] done synthesizing module 'oneshot_universal' (0#1) [C:/Users/user/Desktop/github/ece/lcd_2_2/lcd_2_2.srcs/sources_1/imports/new/oneshot_universal.v:1]
INFO: [Synth 8-155] case statement is not full and has no default [C:/Users/user/Desktop/github/ece/lcd_2_2/lcd_2_2.srcs/sources_1/new/lcd_2_2.v:120]
INFO: [Synth 8-155] case statement is not full and has no default [C:/Users/user/Desktop/github/ece/lcd_2_2/lcd_2_2.srcs/sources_1/new/lcd_2_2.v:137]
INFO: [Synth 8-155] case statement is not full and has no default [C:/Users/user/Desktop/github/ece/lcd_2_2/lcd_2_2.srcs/sources_1/new/lcd_2_2.v:107]
INFO: [Synth 8-6155] done synthesizing module 'lcd_2_2' (0#1) [C:/Users/user/Desktop/github/ece/lcd_2_2/lcd_2_2.srcs/sources_1/new/lcd_2_2.v:1]
---------------------------------------------------------------------------------
Finished RTL Elaboration : Time (s): cpu = 00:00:09 ; elapsed = 00:00:10 . Memory (MB): peak = 1279.160 ; gain = 500.004
---------------------------------------------------------------------------------
---------------------------------------------------------------------------------
Start Handling Custom Attributes
---------------------------------------------------------------------------------
---------------------------------------------------------------------------------
Finished Handling Custom Attributes : Time (s): cpu = 00:00:10 ; elapsed = 00:00:10 . Memory (MB): peak = 1279.160 ; gain = 500.004
---------------------------------------------------------------------------------
---------------------------------------------------------------------------------
Finished RTL Optimization Phase 1 : Time (s): cpu = 00:00:10 ; elapsed = 00:00:10 . Memory (MB): peak = 1279.160 ; gain = 500.004
---------------------------------------------------------------------------------
Netlist sorting complete. Time (s): cpu = 00:00:00 ; elapsed = 00:00:00.003 . Memory (MB): peak = 1279.160 ; gain = 0.000
INFO: [Project 1-570] Preparing netlist for logic optimization

Processing XDC Constraints
Initializing timing engine
Parsing XDC File [C:/Users/user/Desktop/github/ece/lcd_2_2/lcd_2_2.srcs/constrs_1/new/lcd_2_2.xdc]
WARNING: [Vivado 12-507] No nets matched 'clk_IBUF'. [C:/Users/user/Desktop/github/ece/lcd_2_2/lcd_2_2.srcs/constrs_1/new/lcd_2_2.xdc:67]
CRITICAL WARNING: [Common 17-55] 'set_property' expects at least one object. [C:/Users/user/Desktop/github/ece/lcd_2_2/lcd_2_2.srcs/constrs_1/new/lcd_2_2.xdc:67]
Resolution: If [get_<value>] was used to populate the object, check to make sure this command returns at least one valid object.
Finished Parsing XDC File [C:/Users/user/Desktop/github/ece/lcd_2_2/lcd_2_2.srcs/constrs_1/new/lcd_2_2.xdc]
INFO: [Project 1-236] Implementation specific constraints were found while reading constraint file [C:/Users/user/Desktop/github/ece/lcd_2_2/lcd_2_2.srcs/constrs_1/new/lcd_2_2.xdc]. These constraints will be ignored for synthesis but will be used in implementation. Impacted constraints are listed in the file [.Xil/lcd_2_2_propImpl.xdc].
Resolution: To avoid this warning, move constraints listed in [.Xil/lcd_2_2_propImpl.xdc] to another XDC file and exclude this new file from synthesis with the used_in_synthesis property (File Properties dialog in GUI) and re-run elaboration/synthesis.
Completed Processing XDC Constraints

Netlist sorting complete. Time (s): cpu = 00:00:00 ; elapsed = 00:00:00 . Memory (MB): peak = 1318.012 ; gain = 0.000
INFO: [Project 1-111] Unisim Transformation Summary:
No Unisim elements were transformed.

Constraint Validation Runtime : Time (s): cpu = 00:00:00 ; elapsed = 00:00:00.003 . Memory (MB): peak = 1318.012 ; gain = 0.000
INFO: [Designutils 20-5440] No compile time benefit to using incremental synthesis; A full resynthesis will be run
INFO: [Designutils 20-4379] Flow is switching to default flow due to incremental criteria not met. If you would like to alter this behaviour and have the flow terminate instead, please set the following parameter config_implementation {autoIncr.Synth.RejectBehavior Terminate}
INFO: [Synth 8-11241] undeclared symbol 'REGCCE', assumed default net type 'wire' [C:/Xilinx/Vivado/2022.2/data/verilog/src/unimacro/BRAM_SINGLE_MACRO.v:2170]
---------------------------------------------------------------------------------
Finished Constraint Validation : Time (s): cpu = 00:00:19 ; elapsed = 00:00:19 . Memory (MB): peak = 1318.012 ; gain = 538.855
---------------------------------------------------------------------------------
---------------------------------------------------------------------------------
Start Loading Part and Timing Information
---------------------------------------------------------------------------------
Loading part: xc7s75fgga484-1
---------------------------------------------------------------------------------
Finished Loading Part and Timing Information : Time (s): cpu = 00:00:19 ; elapsed = 00:00:19 . Memory (MB): peak = 1318.012 ; gain = 538.855
---------------------------------------------------------------------------------
---------------------------------------------------------------------------------
Start Applying 'set_property' XDC Constraints
---------------------------------------------------------------------------------
---------------------------------------------------------------------------------
Finished applying 'set_property' XDC Constraints : Time (s): cpu = 00:00:19 ; elapsed = 00:00:19 . Memory (MB): peak = 1318.012 ; gain = 538.855
---------------------------------------------------------------------------------
INFO: [Synth 8-802] inferred FSM for state register 'state_reg' in module 'lcd_2_2'
---------------------------------------------------------------------------------------------------
                   State |                     New Encoding |                Previous Encoding 
---------------------------------------------------------------------------------------------------
                   DELAY |                              000 |                              000
            FUNCTION_SET |                              001 |                              001
              DISP_ONOFF |                              010 |                              010
              ENTRY_MODE |                              011 |                              011
             SET_ADDRESS |                              100 |                              100
                 DELAY_T |                              101 |                              101
                   WRITE |                              110 |                              110
                  CURSOR |                              111 |                              111
---------------------------------------------------------------------------------------------------
INFO: [Synth 8-3354] encoded FSM with state register 'state_reg' using encoding 'sequential' in module 'lcd_2_2'
---------------------------------------------------------------------------------
Finished RTL Optimization Phase 2 : Time (s): cpu = 00:00:19 ; elapsed = 00:00:20 . Memory (MB): peak = 1318.012 ; gain = 538.855
---------------------------------------------------------------------------------
---------------------------------------------------------------------------------
Start RTL Component Statistics 
---------------------------------------------------------------------------------
Detailed RTL Component Info : 
+---Adders : 
	   2 Input    8 Bit       Adders := 1     
+---Registers : 
	               12 Bit    Registers := 2     
	                8 Bit    Registers := 3     
	                1 Bit    Registers := 2     
+---Muxes : 
	   2 Input    8 Bit        Muxes := 2     
	  11 Input    8 Bit        Muxes := 1     
	   5 Input    8 Bit        Muxes := 1     
	   8 Input    8 Bit        Muxes := 3     
	   8 Input    3 Bit        Muxes := 1     
	   2 Input    3 Bit        Muxes := 2     
	   2 Input    1 Bit        Muxes := 4     
	  11 Input    1 Bit        Muxes := 1     
	   3 Input    1 Bit        Muxes := 1     
	   8 Input    1 Bit        Muxes := 4     
---------------------------------------------------------------------------------
Finished RTL Component Statistics 
---------------------------------------------------------------------------------
---------------------------------------------------------------------------------
Start Part Resource Summary
---------------------------------------------------------------------------------
Part Resources:
DSPs: 140 (col length:80)
BRAMs: 180 (col length: RAMB18 80 RAMB36 40)
---------------------------------------------------------------------------------
Finished Part Resource Summary
---------------------------------------------------------------------------------
---------------------------------------------------------------------------------
Start Cross Boundary and Area Optimization
---------------------------------------------------------------------------------
WARNING: [Synth 8-7080] Parallel synthesis criteria is not met
---------------------------------------------------------------------------------
Finished Cross Boundary and Area Optimization : Time (s): cpu = 00:00:22 ; elapsed = 00:00:23 . Memory (MB): peak = 1318.012 ; gain = 538.855
---------------------------------------------------------------------------------
---------------------------------------------------------------------------------
Start Applying XDC Timing Constraints
---------------------------------------------------------------------------------
---------------------------------------------------------------------------------
Finished Applying XDC Timing Constraints : Time (s): cpu = 00:00:29 ; elapsed = 00:00:30 . Memory (MB): peak = 1318.012 ; gain = 538.855
---------------------------------------------------------------------------------
---------------------------------------------------------------------------------
Start Timing Optimization
---------------------------------------------------------------------------------
---------------------------------------------------------------------------------
Finished Timing Optimization : Time (s): cpu = 00:00:29 ; elapsed = 00:00:30 . Memory (MB): peak = 1318.012 ; gain = 538.855
---------------------------------------------------------------------------------
---------------------------------------------------------------------------------
Start Technology Mapping
---------------------------------------------------------------------------------
---------------------------------------------------------------------------------
Finished Technology Mapping : Time (s): cpu = 00:00:29 ; elapsed = 00:00:30 . Memory (MB): peak = 1318.012 ; gain = 538.855
---------------------------------------------------------------------------------
---------------------------------------------------------------------------------
Start IO Insertion
---------------------------------------------------------------------------------
---------------------------------------------------------------------------------
Start Flattening Before IO Insertion
---------------------------------------------------------------------------------
---------------------------------------------------------------------------------
Finished Flattening Before IO Insertion
---------------------------------------------------------------------------------
---------------------------------------------------------------------------------
Start Final Netlist Cleanup
---------------------------------------------------------------------------------
---------------------------------------------------------------------------------
Finished Final Netlist Cleanup
---------------------------------------------------------------------------------
---------------------------------------------------------------------------------
Finished IO Insertion : Time (s): cpu = 00:00:34 ; elapsed = 00:00:35 . Memory (MB): peak = 1318.012 ; gain = 538.855
---------------------------------------------------------------------------------
---------------------------------------------------------------------------------
Start Renaming Generated Instances
---------------------------------------------------------------------------------
---------------------------------------------------------------------------------
Finished Renaming Generated Instances : Time (s): cpu = 00:00:34 ; elapsed = 00:00:35 . Memory (MB): peak = 1318.012 ; gain = 538.855
---------------------------------------------------------------------------------
---------------------------------------------------------------------------------
Start Rebuilding User Hierarchy
---------------------------------------------------------------------------------
---------------------------------------------------------------------------------
Finished Rebuilding User Hierarchy : Time (s): cpu = 00:00:34 ; elapsed = 00:00:35 . Memory (MB): peak = 1318.012 ; gain = 538.855
---------------------------------------------------------------------------------
---------------------------------------------------------------------------------
Start Renaming Generated Ports
---------------------------------------------------------------------------------
---------------------------------------------------------------------------------
Finished Renaming Generated Ports : Time (s): cpu = 00:00:34 ; elapsed = 00:00:35 . Memory (MB): peak = 1318.012 ; gain = 538.855
---------------------------------------------------------------------------------
---------------------------------------------------------------------------------
Start Handling Custom Attributes
---------------------------------------------------------------------------------
---------------------------------------------------------------------------------
Finished Handling Custom Attributes : Time (s): cpu = 00:00:34 ; elapsed = 00:00:35 . Memory (MB): peak = 1318.012 ; gain = 538.855
---------------------------------------------------------------------------------
---------------------------------------------------------------------------------
Start Renaming Generated Nets
---------------------------------------------------------------------------------
---------------------------------------------------------------------------------
Finished Renaming Generated Nets : Time (s): cpu = 00:00:34 ; elapsed = 00:00:35 . Memory (MB): peak = 1318.012 ; gain = 538.855
---------------------------------------------------------------------------------
---------------------------------------------------------------------------------
Start Writing Synthesis Report
---------------------------------------------------------------------------------

Report BlackBoxes: 
+-+--------------+----------+
| |BlackBox name |Instances |
+-+--------------+----------+
+-+--------------+----------+

Report Cell Usage: 
+------+-----+------+
|      |Cell |Count |
+------+-----+------+
|1     |BUFG |     1|
|2     |LUT1 |     1|
|3     |LUT2 |    18|
|4     |LUT3 |    14|
|5     |LUT4 |     5|
|6     |LUT5 |    11|
|7     |LUT6 |    22|
|8     |FDCE |    48|
|9     |FDPE |     1|
|10    |IBUF |    14|
|11    |OBUF |    19|
+------+-----+------+
---------------------------------------------------------------------------------
Finished Writing Synthesis Report : Time (s): cpu = 00:00:34 ; elapsed = 00:00:35 . Memory (MB): peak = 1318.012 ; gain = 538.855
---------------------------------------------------------------------------------
Synthesis finished with 0 errors, 0 critical warnings and 1 warnings.
Synthesis Optimization Runtime : Time (s): cpu = 00:00:24 ; elapsed = 00:00:33 . Memory (MB): peak = 1318.012 ; gain = 500.004
Synthesis Optimization Complete : Time (s): cpu = 00:00:35 ; elapsed = 00:00:35 . Memory (MB): peak = 1318.012 ; gain = 538.855
INFO: [Project 1-571] Translating synthesized netlist
Netlist sorting complete. Time (s): cpu = 00:00:00 ; elapsed = 00:00:00.001 . Memory (MB): peak = 1318.012 ; gain = 0.000
INFO: [Project 1-570] Preparing netlist for logic optimization
INFO: [Opt 31-138] Pushed 0 inverter(s) to 0 load pin(s).
Netlist sorting complete. Time (s): cpu = 00:00:00 ; elapsed = 00:00:00 . Memory (MB): peak = 1325.547 ; gain = 0.000
INFO: [Project 1-111] Unisim Transformation Summary:
No Unisim elements were transformed.

Synth Design complete, checksum: 1a414bd9
INFO: [Common 17-83] Releasing license: Synthesis
30 Infos, 2 Warnings, 1 Critical Warnings and 0 Errors encountered.
synth_design completed successfully
synth_design: Time (s): cpu = 00:00:40 ; elapsed = 00:00:41 . Memory (MB): peak = 1325.547 ; gain = 926.625
INFO: [runtcl-6] Synthesis results are not added to the cache due to CRITICAL_WARNING
INFO: [Common 17-1381] The checkpoint 'C:/Users/user/Desktop/github/ece/lcd_2_2/lcd_2_2.runs/synth_1/lcd_2_2.dcp' has been generated.
INFO: [runtcl-4] Executing : report_utilization -file lcd_2_2_utilization_synth.rpt -pb lcd_2_2_utilization_synth.pb
INFO: [Common 17-206] Exiting Vivado at Mon Nov 20 09:46:46 2023...
