
*** Running vivado
    with args -log final.vds -m64 -product Vivado -mode batch -messageDb vivado.pb -notrace -source final.tcl



****** Vivado v2022.2 (64-bit)
  **** SW Build 3671981 on Fri Oct 14 05:00:03 MDT 2022
  **** IP Build 3669848 on Fri Oct 14 08:30:02 MDT 2022
    ** Copyright 1986-2022 Xilinx, Inc. All Rights Reserved.

source final.tcl -notrace
create_project: Time (s): cpu = 00:00:05 ; elapsed = 00:00:05 . Memory (MB): peak = 372.680 ; gain = 51.977
Command: read_checkpoint -auto_incremental -incremental C:/Users/user/Desktop/github/ece/final/final.srcs/utils_1/imports/synth_1/final.dcp
INFO: [Vivado 12-5825] Read reference checkpoint from C:/Users/user/Desktop/github/ece/final/final.srcs/utils_1/imports/synth_1/final.dcp for incremental synthesis
INFO: [Vivado 12-7989] Please ensure there are no constraint changes
Command: synth_design -top final -part xc7s75fgga484-1
Starting synth_design
Attempting to get a license for feature 'Synthesis' and/or device 'xc7s75'
INFO: [Common 17-349] Got license for feature 'Synthesis' and/or device 'xc7s75'
INFO: [Device 21-403] Loading part xc7s75fgga484-1
INFO: [Designutils 20-5440] No compile time benefit to using incremental synthesis; A full resynthesis will be run
INFO: [Designutils 20-4379] Flow is switching to default flow due to incremental criteria not met. If you would like to alter this behaviour and have the flow terminate instead, please set the following parameter config_implementation {autoIncr.Synth.RejectBehavior Terminate}
INFO: [Synth 8-7079] Multithreading enabled for synth_design using a maximum of 2 processes.
INFO: [Synth 8-7078] Launching helper process for spawning children vivado processes
INFO: [Synth 8-7075] Helper process launched with PID 1524
INFO: [Synth 8-11241] undeclared symbol 'REGCCE', assumed default net type 'wire' [C:/Xilinx/Vivado/2022.2/data/verilog/src/unimacro/BRAM_SINGLE_MACRO.v:2170]
---------------------------------------------------------------------------------
Starting RTL Elaboration : Time (s): cpu = 00:00:06 ; elapsed = 00:00:07 . Memory (MB): peak = 1188.004 ; gain = 408.344
---------------------------------------------------------------------------------
INFO: [Synth 8-6157] synthesizing module 'final' [C:/Users/user/Desktop/github/ece/final/final.srcs/sources_1/new/final.v:1]
INFO: [Synth 8-6157] synthesizing module 'oneshot_universal' [C:/Users/user/Desktop/github/ece/final/final.srcs/sources_1/imports/new/oneshot_universal.v:1]
	Parameter WIDTH bound to: 2 - type: integer 
INFO: [Synth 8-6155] done synthesizing module 'oneshot_universal' (0#1) [C:/Users/user/Desktop/github/ece/final/final.srcs/sources_1/imports/new/oneshot_universal.v:1]
INFO: [Synth 8-155] case statement is not full and has no default [C:/Users/user/Desktop/github/ece/final/final.srcs/sources_1/new/final.v:262]
INFO: [Synth 8-155] case statement is not full and has no default [C:/Users/user/Desktop/github/ece/final/final.srcs/sources_1/new/final.v:288]
INFO: [Synth 8-155] case statement is not full and has no default [C:/Users/user/Desktop/github/ece/final/final.srcs/sources_1/new/final.v:316]
INFO: [Synth 8-155] case statement is not full and has no default [C:/Users/user/Desktop/github/ece/final/final.srcs/sources_1/new/final.v:342]
INFO: [Synth 8-155] case statement is not full and has no default [C:/Users/user/Desktop/github/ece/final/final.srcs/sources_1/new/final.v:370]
INFO: [Synth 8-155] case statement is not full and has no default [C:/Users/user/Desktop/github/ece/final/final.srcs/sources_1/new/final.v:396]
INFO: [Synth 8-155] case statement is not full and has no default [C:/Users/user/Desktop/github/ece/final/final.srcs/sources_1/new/final.v:424]
INFO: [Synth 8-155] case statement is not full and has no default [C:/Users/user/Desktop/github/ece/final/final.srcs/sources_1/new/final.v:453]
INFO: [Synth 8-155] case statement is not full and has no default [C:/Users/user/Desktop/github/ece/final/final.srcs/sources_1/new/final.v:640]
INFO: [Synth 8-6155] done synthesizing module 'final' (0#1) [C:/Users/user/Desktop/github/ece/final/final.srcs/sources_1/new/final.v:1]
WARNING: [Synth 8-7137] Register night_reg[4] in module final has both Set and reset with same priority. This may cause simulation mismatches. Consider rewriting code  [C:/Users/user/Desktop/github/ece/final/final.srcs/sources_1/new/final.v:141]
WARNING: [Synth 8-7137] Register night_reg[3] in module final has both Set and reset with same priority. This may cause simulation mismatches. Consider rewriting code  [C:/Users/user/Desktop/github/ece/final/final.srcs/sources_1/new/final.v:141]
WARNING: [Synth 8-7137] Register night_reg[2] in module final has both Set and reset with same priority. This may cause simulation mismatches. Consider rewriting code  [C:/Users/user/Desktop/github/ece/final/final.srcs/sources_1/new/final.v:141]
WARNING: [Synth 8-7137] Register night_reg[1] in module final has both Set and reset with same priority. This may cause simulation mismatches. Consider rewriting code  [C:/Users/user/Desktop/github/ece/final/final.srcs/sources_1/new/final.v:141]
WARNING: [Synth 8-7137] Register night_reg[0] in module final has both Set and reset with same priority. This may cause simulation mismatches. Consider rewriting code  [C:/Users/user/Desktop/github/ece/final/final.srcs/sources_1/new/final.v:141]
WARNING: [Synth 8-7137] Register lcd_state_reg in module final has both Set and reset with same priority. This may cause simulation mismatches. Consider rewriting code  [C:/Users/user/Desktop/github/ece/final/final.srcs/sources_1/new/final.v:180]
WARNING: [Synth 8-7137] Register state_reg in module final has both Set and reset with same priority. This may cause simulation mismatches. Consider rewriting code  [C:/Users/user/Desktop/github/ece/final/final.srcs/sources_1/new/final.v:249]
WARNING: [Synth 8-7137] Register yellow_reg in module final has both Set and reset with same priority. This may cause simulation mismatches. Consider rewriting code  [C:/Users/user/Desktop/github/ece/final/final.srcs/sources_1/new/final.v:266]
WARNING: [Synth 8-7137] Register green_reg in module final has both Set and reset with same priority. This may cause simulation mismatches. Consider rewriting code  [C:/Users/user/Desktop/github/ece/final/final.srcs/sources_1/new/final.v:267]
WARNING: [Synth 8-7137] Register CNT_EM_reg in module final has both Set and reset with same priority. This may cause simulation mismatches. Consider rewriting code  [C:/Users/user/Desktop/github/ece/final/final.srcs/sources_1/new/final.v:476]
WARNING: [Synth 8-7137] Register prev_state_reg in module final has both Set and reset with same priority. This may cause simulation mismatches. Consider rewriting code  [C:/Users/user/Desktop/github/ece/final/final.srcs/sources_1/new/final.v:478]
---------------------------------------------------------------------------------
Finished RTL Elaboration : Time (s): cpu = 00:00:08 ; elapsed = 00:00:09 . Memory (MB): peak = 1293.586 ; gain = 513.926
---------------------------------------------------------------------------------
---------------------------------------------------------------------------------
Start Handling Custom Attributes
---------------------------------------------------------------------------------
---------------------------------------------------------------------------------
Finished Handling Custom Attributes : Time (s): cpu = 00:00:08 ; elapsed = 00:00:09 . Memory (MB): peak = 1293.586 ; gain = 513.926
---------------------------------------------------------------------------------
---------------------------------------------------------------------------------
Finished RTL Optimization Phase 1 : Time (s): cpu = 00:00:08 ; elapsed = 00:00:09 . Memory (MB): peak = 1293.586 ; gain = 513.926
---------------------------------------------------------------------------------
Netlist sorting complete. Time (s): cpu = 00:00:00 ; elapsed = 00:00:00.026 . Memory (MB): peak = 1293.586 ; gain = 0.000
INFO: [Project 1-570] Preparing netlist for logic optimization

Processing XDC Constraints
Initializing timing engine
Parsing XDC File [C:/Users/user/Desktop/github/ece/final/final.srcs/constrs_1/new/final.xdc]
WARNING: [Vivado 12-507] No nets matched 'clk_IBUF'. [C:/Users/user/Desktop/github/ece/final/final.srcs/constrs_1/new/final.xdc:67]
CRITICAL WARNING: [Common 17-55] 'set_property' expects at least one object. [C:/Users/user/Desktop/github/ece/final/final.srcs/constrs_1/new/final.xdc:67]
Resolution: If [get_<value>] was used to populate the object, check to make sure this command returns at least one valid object.
Finished Parsing XDC File [C:/Users/user/Desktop/github/ece/final/final.srcs/constrs_1/new/final.xdc]
INFO: [Project 1-236] Implementation specific constraints were found while reading constraint file [C:/Users/user/Desktop/github/ece/final/final.srcs/constrs_1/new/final.xdc]. These constraints will be ignored for synthesis but will be used in implementation. Impacted constraints are listed in the file [.Xil/final_propImpl.xdc].
Resolution: To avoid this warning, move constraints listed in [.Xil/final_propImpl.xdc] to another XDC file and exclude this new file from synthesis with the used_in_synthesis property (File Properties dialog in GUI) and re-run elaboration/synthesis.
Completed Processing XDC Constraints

Netlist sorting complete. Time (s): cpu = 00:00:00 ; elapsed = 00:00:00 . Memory (MB): peak = 1359.457 ; gain = 0.000
INFO: [Project 1-111] Unisim Transformation Summary:
No Unisim elements were transformed.

Constraint Validation Runtime : Time (s): cpu = 00:00:00 ; elapsed = 00:00:00.006 . Memory (MB): peak = 1359.457 ; gain = 0.000
INFO: [Designutils 20-5440] No compile time benefit to using incremental synthesis; A full resynthesis will be run
INFO: [Designutils 20-4379] Flow is switching to default flow due to incremental criteria not met. If you would like to alter this behaviour and have the flow terminate instead, please set the following parameter config_implementation {autoIncr.Synth.RejectBehavior Terminate}
INFO: [Synth 8-11241] undeclared symbol 'REGCCE', assumed default net type 'wire' [C:/Xilinx/Vivado/2022.2/data/verilog/src/unimacro/BRAM_SINGLE_MACRO.v:2170]
---------------------------------------------------------------------------------
Finished Constraint Validation : Time (s): cpu = 00:00:17 ; elapsed = 00:00:19 . Memory (MB): peak = 1359.457 ; gain = 579.797
---------------------------------------------------------------------------------
---------------------------------------------------------------------------------
Start Loading Part and Timing Information
---------------------------------------------------------------------------------
Loading part: xc7s75fgga484-1
---------------------------------------------------------------------------------
Finished Loading Part and Timing Information : Time (s): cpu = 00:00:17 ; elapsed = 00:00:19 . Memory (MB): peak = 1359.457 ; gain = 579.797
---------------------------------------------------------------------------------
---------------------------------------------------------------------------------
Start Applying 'set_property' XDC Constraints
---------------------------------------------------------------------------------
---------------------------------------------------------------------------------
Finished applying 'set_property' XDC Constraints : Time (s): cpu = 00:00:18 ; elapsed = 00:00:19 . Memory (MB): peak = 1359.457 ; gain = 579.797
---------------------------------------------------------------------------------
---------------------------------------------------------------------------------
Finished RTL Optimization Phase 2 : Time (s): cpu = 00:00:19 ; elapsed = 00:00:20 . Memory (MB): peak = 1359.457 ; gain = 579.797
---------------------------------------------------------------------------------
---------------------------------------------------------------------------------
Start RTL Component Statistics 
---------------------------------------------------------------------------------
Detailed RTL Component Info : 
+---Adders : 
	   2 Input   32 Bit       Adders := 3     
	   2 Input    4 Bit       Adders := 5     
	   3 Input    4 Bit       Adders := 1     
	   2 Input    2 Bit       Adders := 1     
+---Registers : 
	               32 Bit    Registers := 4     
	                8 Bit    Registers := 7     
	                4 Bit    Registers := 7     
	                2 Bit    Registers := 3     
	                1 Bit    Registers := 33    
+---Muxes : 
	  36 Input   32 Bit        Muxes := 1     
	   2 Input   32 Bit        Muxes := 21    
	   6 Input   32 Bit        Muxes := 1     
	   4 Input   32 Bit        Muxes := 2     
	   2 Input    8 Bit        Muxes := 4     
	  36 Input    8 Bit        Muxes := 1     
	   4 Input    8 Bit        Muxes := 1     
	   7 Input    8 Bit        Muxes := 1     
	   2 Input    7 Bit        Muxes := 4     
	   2 Input    4 Bit        Muxes := 28    
	   7 Input    3 Bit        Muxes := 8     
	   2 Input    2 Bit        Muxes := 5     
	   4 Input    2 Bit        Muxes := 1     
	   2 Input    1 Bit        Muxes := 144   
	   6 Input    1 Bit        Muxes := 2     
	   4 Input    1 Bit        Muxes := 6     
	  36 Input    1 Bit        Muxes := 3     
	  10 Input    1 Bit        Muxes := 28    
	   5 Input    1 Bit        Muxes := 1     
---------------------------------------------------------------------------------
Finished RTL Component Statistics 
---------------------------------------------------------------------------------
---------------------------------------------------------------------------------
Start Part Resource Summary
---------------------------------------------------------------------------------
Part Resources:
DSPs: 140 (col length:80)
BRAMs: 180 (col length: RAMB18 80 RAMB36 40)
---------------------------------------------------------------------------------
Finished Part Resource Summary
---------------------------------------------------------------------------------
---------------------------------------------------------------------------------
Start Cross Boundary and Area Optimization
---------------------------------------------------------------------------------
WARNING: [Synth 8-7080] Parallel synthesis criteria is not met
---------------------------------------------------------------------------------
Finished Cross Boundary and Area Optimization : Time (s): cpu = 00:00:30 ; elapsed = 00:00:31 . Memory (MB): peak = 1359.457 ; gain = 579.797
---------------------------------------------------------------------------------
---------------------------------------------------------------------------------
Start Applying XDC Timing Constraints
---------------------------------------------------------------------------------
---------------------------------------------------------------------------------
Finished Applying XDC Timing Constraints : Time (s): cpu = 00:00:36 ; elapsed = 00:00:37 . Memory (MB): peak = 1359.457 ; gain = 579.797
---------------------------------------------------------------------------------
---------------------------------------------------------------------------------
Start Timing Optimization
---------------------------------------------------------------------------------
---------------------------------------------------------------------------------
Finished Timing Optimization : Time (s): cpu = 00:00:36 ; elapsed = 00:00:37 . Memory (MB): peak = 1359.457 ; gain = 579.797
---------------------------------------------------------------------------------
---------------------------------------------------------------------------------
Start Technology Mapping
---------------------------------------------------------------------------------
---------------------------------------------------------------------------------
Finished Technology Mapping : Time (s): cpu = 00:00:36 ; elapsed = 00:00:38 . Memory (MB): peak = 1359.457 ; gain = 579.797
---------------------------------------------------------------------------------
---------------------------------------------------------------------------------
Start IO Insertion
---------------------------------------------------------------------------------
---------------------------------------------------------------------------------
Start Flattening Before IO Insertion
---------------------------------------------------------------------------------
---------------------------------------------------------------------------------
Finished Flattening Before IO Insertion
---------------------------------------------------------------------------------
---------------------------------------------------------------------------------
Start Final Netlist Cleanup
---------------------------------------------------------------------------------
---------------------------------------------------------------------------------
Finished Final Netlist Cleanup
---------------------------------------------------------------------------------
---------------------------------------------------------------------------------
Finished IO Insertion : Time (s): cpu = 00:00:42 ; elapsed = 00:00:44 . Memory (MB): peak = 1359.457 ; gain = 579.797
---------------------------------------------------------------------------------
---------------------------------------------------------------------------------
Start Renaming Generated Instances
---------------------------------------------------------------------------------
---------------------------------------------------------------------------------
Finished Renaming Generated Instances : Time (s): cpu = 00:00:42 ; elapsed = 00:00:44 . Memory (MB): peak = 1359.457 ; gain = 579.797
---------------------------------------------------------------------------------
---------------------------------------------------------------------------------
Start Rebuilding User Hierarchy
---------------------------------------------------------------------------------
---------------------------------------------------------------------------------
Finished Rebuilding User Hierarchy : Time (s): cpu = 00:00:42 ; elapsed = 00:00:44 . Memory (MB): peak = 1359.457 ; gain = 579.797
---------------------------------------------------------------------------------
---------------------------------------------------------------------------------
Start Renaming Generated Ports
---------------------------------------------------------------------------------
---------------------------------------------------------------------------------
Finished Renaming Generated Ports : Time (s): cpu = 00:00:42 ; elapsed = 00:00:44 . Memory (MB): peak = 1359.457 ; gain = 579.797
---------------------------------------------------------------------------------
---------------------------------------------------------------------------------
Start Handling Custom Attributes
---------------------------------------------------------------------------------
---------------------------------------------------------------------------------
Finished Handling Custom Attributes : Time (s): cpu = 00:00:42 ; elapsed = 00:00:44 . Memory (MB): peak = 1359.457 ; gain = 579.797
---------------------------------------------------------------------------------
---------------------------------------------------------------------------------
Start Renaming Generated Nets
---------------------------------------------------------------------------------
---------------------------------------------------------------------------------
Finished Renaming Generated Nets : Time (s): cpu = 00:00:42 ; elapsed = 00:00:44 . Memory (MB): peak = 1359.457 ; gain = 579.797
---------------------------------------------------------------------------------
---------------------------------------------------------------------------------
Start Writing Synthesis Report
---------------------------------------------------------------------------------

Report BlackBoxes: 
+-+--------------+----------+
| |BlackBox name |Instances |
+-+--------------+----------+
+-+--------------+----------+

Report Cell Usage: 
+------+-------+------+
|      |Cell   |Count |
+------+-------+------+
|1     |BUFG   |     1|
|2     |CARRY4 |   244|
|3     |LUT1   |    43|
|4     |LUT2   |  1157|
|5     |LUT3   |    37|
|6     |LUT4   |    40|
|7     |LUT5   |   113|
|8     |LUT6   |   287|
|9     |FDCE   |   222|
|10    |FDPE   |     6|
|11    |FDRE   |    14|
|12    |LDC    |     1|
|13    |IBUF   |     8|
|14    |OBUF   |    35|
+------+-------+------+
---------------------------------------------------------------------------------
Finished Writing Synthesis Report : Time (s): cpu = 00:00:42 ; elapsed = 00:00:44 . Memory (MB): peak = 1359.457 ; gain = 579.797
---------------------------------------------------------------------------------
Synthesis finished with 0 errors, 0 critical warnings and 1 warnings.
Synthesis Optimization Runtime : Time (s): cpu = 00:00:31 ; elapsed = 00:00:41 . Memory (MB): peak = 1359.457 ; gain = 513.926
Synthesis Optimization Complete : Time (s): cpu = 00:00:42 ; elapsed = 00:00:44 . Memory (MB): peak = 1359.457 ; gain = 579.797
INFO: [Project 1-571] Translating synthesized netlist
Netlist sorting complete. Time (s): cpu = 00:00:00 ; elapsed = 00:00:00.020 . Memory (MB): peak = 1359.457 ; gain = 0.000
INFO: [Netlist 29-17] Analyzing 245 Unisim elements for replacement
INFO: [Netlist 29-28] Unisim Transformation completed in 0 CPU seconds
WARNING: [Netlist 29-101] Netlist 'final' is not ideal for floorplanning, since the cellview 'final' contains a large number of primitives.  Please consider enabling hierarchy in synthesis if you want to do floorplanning.
INFO: [Project 1-570] Preparing netlist for logic optimization
INFO: [Opt 31-138] Pushed 0 inverter(s) to 0 load pin(s).
Netlist sorting complete. Time (s): cpu = 00:00:00 ; elapsed = 00:00:00 . Memory (MB): peak = 1359.457 ; gain = 0.000
INFO: [Project 1-111] Unisim Transformation Summary:
  A total of 1 instances were transformed.
  LDC => LDCE: 1 instance 

Synth Design complete, checksum: 1a2f0cab
INFO: [Common 17-83] Releasing license: Synthesis
36 Infos, 14 Warnings, 1 Critical Warnings and 0 Errors encountered.
synth_design completed successfully
synth_design: Time (s): cpu = 00:00:48 ; elapsed = 00:00:50 . Memory (MB): peak = 1359.457 ; gain = 961.910
INFO: [runtcl-6] Synthesis results are not added to the cache due to CRITICAL_WARNING
INFO: [Common 17-1381] The checkpoint 'C:/Users/user/Desktop/github/ece/final/final.runs/synth_1/final.dcp' has been generated.
INFO: [runtcl-4] Executing : report_utilization -file final_utilization_synth.rpt -pb final_utilization_synth.pb
INFO: [Common 17-206] Exiting Vivado at Mon Dec 11 04:34:26 2023...
