Copyright 1986-2022 Xilinx, Inc. All Rights Reserved.
------------------------------------------------------------------------------------
| Tool Version : Vivado v.2022.2 (win64) Build 3671981 Fri Oct 14 05:00:03 MDT 2022
| Date         : Wed Dec  6 14:59:17 2023
| Host         : DESKTOP-LITJ59L running 64-bit major release  (build 9200)
| Command      : report_control_sets -verbose -file CLOCK_control_sets_placed.rpt
| Design       : CLOCK
| Device       : xc7s75
------------------------------------------------------------------------------------

Control Set Information

Table of Contents
-----------------
1. Summary
2. Histogram
3. Flip-Flop Distribution
4. Detailed Control Set Information

1. Summary
----------

+----------------------------------------------------------+-------+
|                          Status                          | Count |
+----------------------------------------------------------+-------+
| Total control sets                                       |     6 |
|    Minimum number of control sets                        |     6 |
|    Addition due to synthesis replication                 |     0 |
|    Addition due to physical synthesis replication        |     0 |
| Unused register locations in slices containing registers |    23 |
+----------------------------------------------------------+-------+
* Control sets can be merged at opt_design using control_set_merge or merge_equivalent_drivers
** Run report_qor_suggestions for automated merging and remapping suggestions


2. Histogram
------------

+--------------------+-------+
|       Fanout       | Count |
+--------------------+-------+
| Total control sets |     6 |
| >= 0 to < 4        |     2 |
| >= 4 to < 6        |     0 |
| >= 6 to < 8        |     1 |
| >= 8 to < 10       |     1 |
| >= 10 to < 12      |     0 |
| >= 12 to < 14      |     0 |
| >= 14 to < 16      |     0 |
| >= 16              |     2 |
+--------------------+-------+
* Control sets can be remapped at either synth_design or opt_design


3. Flip-Flop Distribution
-------------------------

+--------------+-----------------------+------------------------+-----------------+--------------+
| Clock Enable | Synchronous Set/Reset | Asynchronous Set/Reset | Total Registers | Total Slices |
+--------------+-----------------------+------------------------+-----------------+--------------+
| No           | No                    | No                     |               2 |            1 |
| No           | No                    | Yes                    |              87 |           30 |
| No           | Yes                   | No                     |               0 |            0 |
| Yes          | No                    | No                     |               1 |            1 |
| Yes          | No                    | Yes                    |              47 |           17 |
| Yes          | Yes                   | No                     |               0 |            0 |
+--------------+-----------------------+------------------------+-----------------+--------------+


4. Detailed Control Set Information
-----------------------------------

+------------------+---------------------+------------------+------------------+----------------+--------------+
|   Clock Signal   |    Enable Signal    | Set/Reset Signal | Slice Load Count | Bel Load Count | Bels / Slice |
+------------------+---------------------+------------------+------------------+----------------+--------------+
|  lcd_e_OBUF_BUFG | rst_IBUF            |                  |                1 |              1 |         1.00 |
|  lcd_e_OBUF_BUFG |                     |                  |                1 |              2 |         2.00 |
|  lcd_e_OBUF_BUFG | CNT_c0              | CNT_c[5]_i_3_n_0 |                3 |              6 |         2.00 |
|  lcd_e_OBUF_BUFG | lcd_rs_i_1_n_0      | CNT_c[5]_i_3_n_0 |                6 |              9 |         1.50 |
|  lcd_e_OBUF_BUFG | CNT_MODE[0]_i_1_n_0 | CNT_c[5]_i_3_n_0 |                8 |             32 |         4.00 |
|  lcd_e_OBUF_BUFG |                     | CNT_c[5]_i_3_n_0 |               30 |             87 |         2.90 |
+------------------+---------------------+------------------+------------------+----------------+--------------+


